mqtt_consumer,host=WhiteShark,project=driveguard,student=Gxxxx6647,team=team4,topic=ece508/team4/Gxxxx6647/driveguard/batch_data lat=0,lon=0,acc=1.02,scr=100,gps=0,ts=8993,spd=0 1765383186596552400
mqtt_consumer,host=WhiteShark,project=driveguard,student=Gxxxx6647,team=team4,topic=ece508/team4/Gxxxx6647/driveguard/batch_data lat=0,lon=0,acc=1.02,scr=97,gps=0,ts=18993,spd=0 1765383186596552400
mqtt_consumer,host=WhiteShark,project=driveguard,student=Gxxxx6647,team=team4,topic=ece508/team4/Gxxxx6647/driveguard/batch_data acc=1.02,scr=97,gps=0,ts=28993,spd=0,lat=0,lon=0 1765383186596552400
mqtt_consumer,host=WhiteShark,project=driveguard,student=Gxxxx6647,team=team4,topic=ece508/team4/Gxxxx6647/driveguard/batch_data lat=0,lon=0,acc=1.02,scr=97,gps=0,ts=38993,spd=0 1765383186596552400
mqtt_consumer,host=WhiteShark,project=driveguard,student=Gxxxx6647,team=team4,topic=ece508/team4/Gxxxx6647/driveguard/batch_data ts=48993,spd=0,lat=0,lon=0,acc=1.02,scr=97,gps=0 1765383186596552400
mqtt_consumer,host=WhiteShark,project=driveguard,student=Gxxxx6647,team=team4,topic=ece508/team4/Gxxxx6647/driveguard/batch_data gps=0,ts=58993,spd=0,lat=0,lon=0,acc=1.02,scr=97 1765383247389381600
mqtt_consumer,host=WhiteShark,project=driveguard,student=Gxxxx6647,team=team4,topic=ece508/team4/Gxxxx6647/driveguard/batch_data spd=0,lat=0,lon=0,acc=1.02,scr=97,gps=0,ts=68993 1765383247389381600
mqtt_consumer,host=WhiteShark,project=driveguard,student=Gxxxx6647,team=team4,topic=ece508/team4/Gxxxx6647/driveguard/batch_data lat=0,lon=0,acc=1.02,scr=97,gps=0,ts=78993,spd=0 1765383247389381600
mqtt_consumer,host=WhiteShark,project=driveguard,student=Gxxxx6647,team=team4,topic=ece508/team4/Gxxxx6647/driveguard/batch_data lat=0,lon=0,acc=1.02,scr=97,gps=0,ts=88993,spd=0 1765383247389381600
mqtt_consumer,host=WhiteShark,project=driveguard,student=Gxxxx6647,team=team4,topic=ece508/team4/Gxxxx6647/driveguard/batch_data acc=1.02,scr=97,gps=0,ts=98993,spd=0,lat=0,lon=0 1765383247389381600
mqtt_consumer,host=WhiteShark,project=driveguard,student=Gxxxx6647,team=team4,topic=ece508/team4/Gxxxx6647/driveguard/batch_data scr=97,gps=0,ts=108993,spd=0,lat=0,lon=0,acc=1.02 1765383247389381600
mqtt_consumer,host=WhiteShark,project=driveguard,student=Gxxxx6647,team=team4,topic=ece508/team4/Gxxxx6647/driveguard/batch_data ts=118993,spd=0,lat=0,lon=0,acc=1.02,scr=97,gps=0 1765383307087309500
mqtt_consumer,host=WhiteShark,project=driveguard,student=Gxxxx6647,team=team4,topic=ece508/team4/Gxxxx6647/driveguard/batch_data ts=128993,spd=0,lat=0,lon=0,acc=1.02,scr=97,gps=0 1765383307087309500
mqtt_consumer,host=WhiteShark,project=driveguard,student=Gxxxx6647,team=team4,topic=ece508/team4/Gxxxx6647/driveguard/batch_data acc=1.02,scr=97,gps=0,ts=138993,spd=0,lat=0,lon=0 1765383307087309500
mqtt_consumer,host=WhiteShark,project=driveguard,student=Gxxxx6647,team=team4,topic=ece508/team4/Gxxxx6647/driveguard/batch_data lat=0,lon=0,acc=1.02,scr=97,gps=0,ts=148993,spd=0 1765383307087309500
mqtt_consumer,host=WhiteShark,project=driveguard,student=Gxxxx6647,team=team4,topic=ece508/team4/Gxxxx6647/driveguard/batch_data spd=0,lat=0,lon=0,acc=1.02,scr=97,gps=0,ts=158993 1765383307087309500
mqtt_consumer,host=WhiteShark,project=driveguard,student=Gxxxx6647,team=team4,topic=ece508/team4/Gxxxx6647/driveguard/batch_data lat=0,lon=0,acc=1.02,scr=97,gps=0,ts=168993,spd=0 1765383307087309500
mqtt_consumer,host=WhiteShark,project=driveguard,student=Gxxxx6647,team=team4,topic=ece508/team4/Gxxxx6647/driveguard/batch_data spd=0,lat=0,lon=0,acc=1.02,scr=97,gps=0,ts=178993 1765383366686467000
mqtt_consumer,host=WhiteShark,project=driveguard,student=Gxxxx6647,team=team4,topic=ece508/team4/Gxxxx6647/driveguard/batch_data lat=0,lon=0,acc=1.02,scr=97,gps=0,ts=188993,spd=0 1765383366686467000
mqtt_consumer,host=WhiteShark,project=driveguard,student=Gxxxx6647,team=team4,topic=ece508/team4/Gxxxx6647/driveguard/batch_data spd=0,lat=0,lon=0,acc=1.02,scr=97,gps=0,ts=198993 1765383366686467000
mqtt_consumer,host=WhiteShark,project=driveguard,student=Gxxxx6647,team=team4,topic=ece508/team4/Gxxxx6647/driveguard/batch_data acc=1.02,scr=97,gps=0,ts=208993,spd=0,lat=0,lon=0 1765383366686467000
mqtt_consumer,host=WhiteShark,project=driveguard,student=Gxxxx6647,team=team4,topic=ece508/team4/Gxxxx6647/driveguard/batch_data ts=218993,spd=0,lat=0,lon=0,acc=0.98,scr=97,gps=0 1765383366686467000
mqtt_consumer,host=WhiteShark,project=driveguard,student=Gxxxx6647,team=team4,topic=ece508/team4/Gxxxx6647/driveguard/batch_data lat=0,lon=0,acc=1.02,scr=97,gps=0,ts=228993,spd=0 1765383366686467000
mqtt_consumer,host=WhiteShark,project=driveguard,student=Gxxxx6647,team=team4,topic=ece508/team4/Gxxxx6647/driveguard/batch_data ts=238993,spd=0,lat=0,lon=0,acc=1.02,scr=97,gps=0 1765383426583506800
mqtt_consumer,host=WhiteShark,project=driveguard,student=Gxxxx6647,team=team4,topic=ece508/team4/Gxxxx6647/driveguard/batch_data lat=0,lon=0,acc=1.02,scr=97,gps=0,ts=248993,spd=0 1765383426583506800
mqtt_consumer,host=WhiteShark,project=driveguard,student=Gxxxx6647,team=team4,topic=ece508/team4/Gxxxx6647/driveguard/batch_data lon=0,acc=1.02,scr=97,gps=0,ts=258993,spd=0,lat=0 1765383426583506800
mqtt_consumer,host=WhiteShark,project=driveguard,student=Gxxxx6647,team=team4,topic=ece508/team4/Gxxxx6647/driveguard/batch_data lon=0,acc=1.02,scr=97,gps=0,ts=268993,spd=0,lat=0 1765383426583506800
mqtt_consumer,host=WhiteShark,project=driveguard,student=Gxxxx6647,team=team4,topic=ece508/team4/Gxxxx6647/driveguard/batch_data gps=0,ts=278993,spd=0,lat=0,lon=0,acc=1.02,scr=97 1765383426583506800
mqtt_consumer,host=WhiteShark,project=driveguard,student=Gxxxx6647,team=team4,topic=ece508/team4/Gxxxx6647/driveguard/batch_data ts=288993,spd=0,lat=0,lon=0,acc=1.02,scr=97,gps=0 1765383426583506800
mqtt_consumer,host=WhiteShark,project=driveguard,student=Gxxxx6647,team=team4,topic=ece508/team4/Gxxxx6647/driveguard/batch_data gps=0,ts=298993,spd=0,lat=0,lon=0,acc=1.02,scr=97 1765383487084789700
mqtt_consumer,host=WhiteShark,project=driveguard,student=Gxxxx6647,team=team4,topic=ece508/team4/Gxxxx6647/driveguard/batch_data spd=0,lat=0,lon=0,acc=1.02,scr=97,gps=0,ts=308993 1765383487084789700
mqtt_consumer,host=WhiteShark,project=driveguard,student=Gxxxx6647,team=team4,topic=ece508/team4/Gxxxx6647/driveguard/batch_data acc=1.02,scr=97,gps=0,ts=318993,spd=0,lat=0,lon=0 1765383487084789700
mqtt_consumer,host=WhiteShark,project=driveguard,student=Gxxxx6647,team=team4,topic=ece508/team4/Gxxxx6647/driveguard/batch_data spd=0,lat=0,lon=0,acc=1.02,scr=97,gps=0,ts=328993 1765383487084789700
mqtt_consumer,host=WhiteShark,project=driveguard,student=Gxxxx6647,team=team4,topic=ece508/team4/Gxxxx6647/driveguard/batch_data ts=338993,spd=0,lat=0,lon=0,acc=1.02,scr=97,gps=0 1765383487084789700
mqtt_consumer,host=WhiteShark,project=driveguard,student=Gxxxx6647,team=team4,topic=ece508/team4/Gxxxx6647/driveguard/batch_data spd=0,lat=0,lon=0,acc=1.02,scr=97,gps=0,ts=348993 1765383487084789700
mqtt_consumer,host=WhiteShark,project=driveguard,student=Gxxxx6647,team=team4,topic=ece508/team4/Gxxxx6647/driveguard/batch_data gps=0,ts=358993,spd=0,lat=0,lon=0,acc=1.02,scr=97 1765383546776369600
mqtt_consumer,host=WhiteShark,project=driveguard,student=Gxxxx6647,team=team4,topic=ece508/team4/Gxxxx6647/driveguard/batch_data lat=0,lon=0,acc=1.02,scr=97,gps=0,ts=368993,spd=0 1765383546776369600
mqtt_consumer,host=WhiteShark,project=driveguard,student=Gxxxx6647,team=team4,topic=ece508/team4/Gxxxx6647/driveguard/batch_data spd=0,lat=0,lon=0,acc=1.02,scr=97,gps=0,ts=378993 1765383546776369600
mqtt_consumer,host=WhiteShark,project=driveguard,student=Gxxxx6647,team=team4,topic=ece508/team4/Gxxxx6647/driveguard/batch_data acc=1.02,scr=97,gps=0,ts=388993,spd=0,lat=0,lon=0 1765383546776369600
mqtt_consumer,host=WhiteShark,project=driveguard,student=Gxxxx6647,team=team4,topic=ece508/team4/Gxxxx6647/driveguard/batch_data lat=0,lon=0,acc=1.02,scr=97,gps=0,ts=398993,spd=0 1765383546776369600
mqtt_consumer,host=WhiteShark,project=driveguard,student=Gxxxx6647,team=team4,topic=ece508/team4/Gxxxx6647/driveguard/batch_data spd=0,lat=0,lon=0,acc=1.02,scr=97,gps=0,ts=408993 1765383546776369600
mqtt_consumer,host=WhiteShark,project=driveguard,student=Gxxxx6647,team=team4,topic=ece508/team4/Gxxxx6647/driveguard/batch_data acc=1.02,scr=97,gps=0,ts=418993,spd=0,lat=0,lon=0 1765383606570803400
mqtt_consumer,host=WhiteShark,project=driveguard,student=Gxxxx6647,team=team4,topic=ece508/team4/Gxxxx6647/driveguard/batch_data spd=0,lat=0,lon=0,acc=1.02,scr=97,gps=0,ts=428993 1765383606570803400
mqtt_consumer,host=WhiteShark,project=driveguard,student=Gxxxx6647,team=team4,topic=ece508/team4/Gxxxx6647/driveguard/batch_data spd=0,lat=0,lon=0,acc=1.02,scr=97,gps=0,ts=438993 1765383606570803400
mqtt_consumer,host=WhiteShark,project=driveguard,student=Gxxxx6647,team=team4,topic=ece508/team4/Gxxxx6647/driveguard/batch_data scr=97,gps=0,ts=448993,spd=0,lat=0,lon=0,acc=1.02 1765383606570803400
mqtt_consumer,host=WhiteShark,project=driveguard,student=Gxxxx6647,team=team4,topic=ece508/team4/Gxxxx6647/driveguard/batch_data scr=97,gps=0,ts=458993,spd=0,lat=0,lon=0,acc=1.02 1765383606570803400
mqtt_consumer,host=WhiteShark,project=driveguard,student=Gxxxx6647,team=team4,topic=ece508/team4/Gxxxx6647/driveguard/batch_data lat=0,lon=0,acc=1.02,scr=97,gps=0,ts=468993,spd=0 1765383606570803400
mqtt_consumer,host=WhiteShark,project=driveguard,student=Gxxxx6647,team=team4,topic=ece508/team4/Gxxxx6647/driveguard/batch_data gps=0,ts=478993,spd=0,lat=0,lon=0,acc=1.02,scr=97 1765383667270177700
mqtt_consumer,host=WhiteShark,project=driveguard,student=Gxxxx6647,team=team4,topic=ece508/team4/Gxxxx6647/driveguard/batch_data lat=0,lon=0,acc=1.02,scr=97,gps=0,ts=488993,spd=0 1765383667270177700
mqtt_consumer,host=WhiteShark,project=driveguard,student=Gxxxx6647,team=team4,topic=ece508/team4/Gxxxx6647/driveguard/batch_data ts=498993,spd=0,lat=0,lon=0,acc=1.02,scr=97,gps=0 1765383667270177700
mqtt_consumer,host=WhiteShark,project=driveguard,student=Gxxxx6647,team=team4,topic=ece508/team4/Gxxxx6647/driveguard/batch_data lat=0,lon=0,acc=1.02,scr=97,gps=0,ts=508993,spd=0 1765383667270177700
mqtt_consumer,host=WhiteShark,project=driveguard,student=Gxxxx6647,team=team4,topic=ece508/team4/Gxxxx6647/driveguard/batch_data ts=518993,spd=0,lat=0,lon=0,acc=1.02,scr=97,gps=0 1765383667270177700
mqtt_consumer,host=WhiteShark,project=driveguard,student=Gxxxx6647,team=team4,topic=ece508/team4/Gxxxx6647/driveguard/batch_data lon=0,acc=1.02,scr=97,gps=0,ts=528993,spd=0,lat=0 1765383667270177700
mqtt_consumer,host=WhiteShark,project=driveguard,student=Gxxxx6647,team=team4,topic=ece508/team4/Gxxxx6647/driveguard/batch_data gps=0,ts=538993,spd=0,lat=0,lon=0,acc=1.02,scr=97 1765383727271913500
mqtt_consumer,host=WhiteShark,project=driveguard,student=Gxxxx6647,team=team4,topic=ece508/team4/Gxxxx6647/driveguard/batch_data scr=97,gps=0,ts=548993,spd=0,lat=0,lon=0,acc=1.02 1765383727271913500
mqtt_consumer,host=WhiteShark,project=driveguard,student=Gxxxx6647,team=team4,topic=ece508/team4/Gxxxx6647/driveguard/batch_data lon=0,acc=1.02,scr=97,gps=0,ts=558993,spd=0,lat=0 1765383727271913500
mqtt_consumer,host=WhiteShark,project=driveguard,student=Gxxxx6647,team=team4,topic=ece508/team4/Gxxxx6647/driveguard/batch_data gps=0,ts=568993,spd=0,lat=0,lon=0,acc=1.02,scr=97 1765383727271913500
mqtt_consumer,host=WhiteShark,project=driveguard,student=Gxxxx6647,team=team4,topic=ece508/team4/Gxxxx6647/driveguard/batch_data gps=0,ts=578993,spd=0,lat=0,lon=0,acc=1.02,scr=97 1765383727271913500
mqtt_consumer,host=WhiteShark,project=driveguard,student=Gxxxx6647,team=team4,topic=ece508/team4/Gxxxx6647/driveguard/batch_data spd=0,lat=0,lon=0,acc=1.02,scr=97,gps=0,ts=588993 1765383727271913500
mqtt_consumer,host=WhiteShark,project=driveguard,student=Gxxxx6647,team=team4,topic=ece508/team4/Gxxxx6647/driveguard/batch_data lat=0,lon=0,acc=1.02,scr=97,gps=0,ts=598993,spd=0 1765383786864304700
mqtt_consumer,host=WhiteShark,project=driveguard,student=Gxxxx6647,team=team4,topic=ece508/team4/Gxxxx6647/driveguard/batch_data gps=0,ts=608993,spd=0,lat=0,lon=0,acc=1.02,scr=98 1765383786864304700
mqtt_consumer,host=WhiteShark,project=driveguard,student=Gxxxx6647,team=team4,topic=ece508/team4/Gxxxx6647/driveguard/batch_data gps=0,ts=618993,spd=0,lat=0,lon=0,acc=1.02,scr=98 1765383786864304700
mqtt_consumer,host=WhiteShark,project=driveguard,student=Gxxxx6647,team=team4,topic=ece508/team4/Gxxxx6647/driveguard/batch_data gps=0,ts=628993,spd=0,lat=0,lon=0,acc=1.02,scr=98 1765383786864304700
mqtt_consumer,host=WhiteShark,project=driveguard,student=Gxxxx6647,team=team4,topic=ece508/team4/Gxxxx6647/driveguard/batch_data lon=0,acc=1.02,scr=98,gps=0,ts=638993,spd=0,lat=0 1765383786864304700
mqtt_consumer,host=WhiteShark,project=driveguard,student=Gxxxx6647,team=team4,topic=ece508/team4/Gxxxx6647/driveguard/batch_data ts=648993,spd=0,lat=0,lon=0,acc=1.02,scr=98,gps=0 1765383786864304700
mqtt_consumer,host=WhiteShark,project=driveguard,student=Gxxxx6647,team=team4,topic=ece508/team4/Gxxxx6647/driveguard/batch_data scr=98,gps=0,ts=718993,spd=0,lat=0,lon=0,acc=1.02 1765383906473301500
mqtt_consumer,host=WhiteShark,project=driveguard,student=Gxxxx6647,team=team4,topic=ece508/team4/Gxxxx6647/driveguard/batch_data spd=0,lat=0,lon=0,acc=1.02,scr=98,gps=0,ts=728993 1765383906473301500
mqtt_consumer,host=WhiteShark,project=driveguard,student=Gxxxx6647,team=team4,topic=ece508/team4/Gxxxx6647/driveguard/batch_data spd=0,lat=0,lon=0,acc=1.02,scr=98,gps=0,ts=738993 1765383906473301500
mqtt_consumer,host=WhiteShark,project=driveguard,student=Gxxxx6647,team=team4,topic=ece508/team4/Gxxxx6647/driveguard/batch_data spd=0,lat=0,lon=0,acc=1.02,scr=98,gps=0,ts=748993 1765383906473301500
mqtt_consumer,host=WhiteShark,project=driveguard,student=Gxxxx6647,team=team4,topic=ece508/team4/Gxxxx6647/driveguard/batch_data lon=0,acc=1.02,scr=98,gps=0,ts=758993,spd=0,lat=0 1765383906473301500
mqtt_consumer,host=WhiteShark,project=driveguard,student=Gxxxx6647,team=team4,topic=ece508/team4/Gxxxx6647/driveguard/batch_data spd=0,lat=0,lon=0,acc=1.02,scr=98,gps=0,ts=768993 1765383906473301500
mqtt_consumer,host=WhiteShark,project=driveguard,student=Gxxxx6647,team=team4,topic=ece508/team4/Gxxxx6647/driveguard/batch_data ts=778993,spd=0,lat=0,lon=0,acc=1.02,scr=98,gps=0 1765383966466407100
mqtt_consumer,host=WhiteShark,project=driveguard,student=Gxxxx6647,team=team4,topic=ece508/team4/Gxxxx6647/driveguard/batch_data lon=0,acc=1.02,scr=98,gps=0,ts=788993,spd=0,lat=0 1765383966466407100
mqtt_consumer,host=WhiteShark,project=driveguard,student=Gxxxx6647,team=team4,topic=ece508/team4/Gxxxx6647/driveguard/batch_data lon=0,acc=1.02,scr=98,gps=0,ts=798993,spd=0,lat=0 1765383966466407100
mqtt_consumer,host=WhiteShark,project=driveguard,student=Gxxxx6647,team=team4,topic=ece508/team4/Gxxxx6647/driveguard/batch_data gps=0,ts=808993,spd=0,lat=0,lon=0,acc=1.02,scr=98 1765383966466407100
mqtt_consumer,host=WhiteShark,project=driveguard,student=Gxxxx6647,team=team4,topic=ece508/team4/Gxxxx6647/driveguard/batch_data acc=1.02,scr=98,gps=0,ts=818993,spd=0,lat=0,lon=0 1765383966466407100
mqtt_consumer,host=WhiteShark,project=driveguard,student=Gxxxx6647,team=team4,topic=ece508/team4/Gxxxx6647/driveguard/batch_data lat=0,lon=0,acc=1.02,scr=98,gps=0,ts=828993,spd=0 1765383966466407100
mqtt_consumer,host=WhiteShark,project=driveguard,student=Gxxxx6647,team=team4,topic=ece508/team4/Gxxxx6647/driveguard/batch_data acc=1.02,scr=98,gps=0,ts=838993,spd=0,lat=0,lon=0 1765384026564171300
mqtt_consumer,host=WhiteShark,project=driveguard,student=Gxxxx6647,team=team4,topic=ece508/team4/Gxxxx6647/driveguard/batch_data lon=0,acc=1.02,scr=98,gps=0,ts=848993,spd=0,lat=0 1765384026564171300
mqtt_consumer,host=WhiteShark,project=driveguard,student=Gxxxx6647,team=team4,topic=ece508/team4/Gxxxx6647/driveguard/batch_data scr=98,gps=0,ts=858993,spd=0,lat=0,lon=0,acc=1.02 1765384026564171300
mqtt_consumer,host=WhiteShark,project=driveguard,student=Gxxxx6647,team=team4,topic=ece508/team4/Gxxxx6647/driveguard/batch_data gps=0,ts=868993,spd=0,lat=0,lon=0,acc=1.02,scr=98 1765384026564171300
mqtt_consumer,host=WhiteShark,project=driveguard,student=Gxxxx6647,team=team4,topic=ece508/team4/Gxxxx6647/driveguard/batch_data ts=878993,spd=0,lat=0,lon=0,acc=1.02,scr=98,gps=0 1765384026564171300
mqtt_consumer,host=WhiteShark,project=driveguard,student=Gxxxx6647,team=team4,topic=ece508/team4/Gxxxx6647/driveguard/batch_data lon=0,acc=1.02,scr=98,gps=0,ts=888993,spd=0,lat=0 1765384026564171300
mqtt_consumer,host=WhiteShark,project=driveguard,student=Gxxxx6647,team=team4,topic=ece508/team4/Gxxxx6647/driveguard/batch_data lat=0,lon=0,acc=1.02,scr=98,gps=0,ts=898993,spd=0 1765384086551082000
mqtt_consumer,host=WhiteShark,project=driveguard,student=Gxxxx6647,team=team4,topic=ece508/team4/Gxxxx6647/driveguard/batch_data spd=0,lat=0,lon=0,acc=1.02,scr=98,gps=0,ts=908993 1765384086551082000
mqtt_consumer,host=WhiteShark,project=driveguard,student=Gxxxx6647,team=team4,topic=ece508/team4/Gxxxx6647/driveguard/batch_data lat=0,lon=0,acc=1.02,scr=98,gps=0,ts=918993,spd=0 1765384086551082000
mqtt_consumer,host=WhiteShark,project=driveguard,student=Gxxxx6647,team=team4,topic=ece508/team4/Gxxxx6647/driveguard/batch_data gps=0,ts=928993,spd=0,lat=0,lon=0,acc=1.02,scr=98 1765384086551082000
mqtt_consumer,host=WhiteShark,project=driveguard,student=Gxxxx6647,team=team4,topic=ece508/team4/Gxxxx6647/driveguard/batch_data acc=1.02,scr=98,gps=0,ts=938993,spd=0,lat=0,lon=0 1765384086551082000
mqtt_consumer,host=WhiteShark,project=driveguard,student=Gxxxx6647,team=team4,topic=ece508/team4/Gxxxx6647/driveguard/batch_data gps=0,ts=948993,spd=0,lat=0,lon=0,acc=1.02,scr=98 1765384086551082000
mqtt_consumer,host=WhiteShark,project=driveguard,student=Gxxxx6647,team=team4,topic=ece508/team4/Gxxxx6647/driveguard/batch_data lon=0,acc=1.01,scr=98,gps=0,ts=958993,spd=0,lat=0 1765384146458184700
mqtt_consumer,host=WhiteShark,project=driveguard,student=Gxxxx6647,team=team4,topic=ece508/team4/Gxxxx6647/driveguard/batch_data scr=98,gps=0,ts=968993,spd=0,lat=0,lon=0,acc=1.02 1765384146458184700
mqtt_consumer,host=WhiteShark,project=driveguard,student=Gxxxx6647,team=team4,topic=ece508/team4/Gxxxx6647/driveguard/batch_data gps=0,ts=978993,spd=0,lat=0,lon=0,acc=1.02,scr=98 1765384146458184700
mqtt_consumer,host=WhiteShark,project=driveguard,student=Gxxxx6647,team=team4,topic=ece508/team4/Gxxxx6647/driveguard/batch_data gps=0,ts=988993,spd=0,lat=0,lon=0,acc=1.02,scr=98 1765384146458184700
mqtt_consumer,host=WhiteShark,project=driveguard,student=Gxxxx6647,team=team4,topic=ece508/team4/Gxxxx6647/driveguard/batch_data gps=0,ts=998993,spd=0,lat=0,lon=0,acc=1.02,scr=98 1765384146458184700
mqtt_consumer,host=WhiteShark,project=driveguard,student=Gxxxx6647,team=team4,topic=ece508/team4/Gxxxx6647/driveguard/batch_data acc=1.02,scr=98,gps=0,ts=1008993,spd=0,lat=0,lon=0 1765384146458184700
mqtt_consumer,host=WhiteShark,project=driveguard,student=Gxxxx6647,team=team4,topic=ece508/team4/Gxxxx6647/driveguard/batch_data scr=98,gps=0,ts=1018993,spd=0,lat=0,lon=0,acc=1.02 1765384206549100100
mqtt_consumer,host=WhiteShark,project=driveguard,student=Gxxxx6647,team=team4,topic=ece508/team4/Gxxxx6647/driveguard/batch_data acc=1.02,scr=98,gps=0,ts=1028993,spd=0,lat=0,lon=0 1765384206549100100
mqtt_consumer,host=WhiteShark,project=driveguard,student=Gxxxx6647,team=team4,topic=ece508/team4/Gxxxx6647/driveguard/batch_data acc=1.02,scr=98,gps=0,ts=1038993,spd=0,lat=0,lon=0 1765384206549100100
mqtt_consumer,host=WhiteShark,project=driveguard,student=Gxxxx6647,team=team4,topic=ece508/team4/Gxxxx6647/driveguard/batch_data spd=0,lat=0,lon=0,acc=1.02,scr=98,gps=0,ts=1048993 1765384206549100100
mqtt_consumer,host=WhiteShark,project=driveguard,student=Gxxxx6647,team=team4,topic=ece508/team4/Gxxxx6647/driveguard/batch_data lon=0,acc=1.02,scr=98,gps=0,ts=1058993,spd=0,lat=0 1765384206549100100
mqtt_consumer,host=WhiteShark,project=driveguard,student=Gxxxx6647,team=team4,topic=ece508/team4/Gxxxx6647/driveguard/batch_data lat=0,lon=0,acc=1.02,scr=98,gps=0,ts=1068993,spd=0 1765384206549100100
mqtt_consumer,host=WhiteShark,project=driveguard,student=Gxxxx6647,team=team4,topic=ece508/team4/Gxxxx6647/driveguard/batch_data lat=0,lon=0,acc=1.02,scr=98,gps=0,ts=1078993,spd=0 1765384267246042700
mqtt_consumer,host=WhiteShark,project=driveguard,student=Gxxxx6647,team=team4,topic=ece508/team4/Gxxxx6647/driveguard/batch_data spd=0,lat=0,lon=0,acc=1.02,scr=98,gps=0,ts=1088993 1765384267246042700
mqtt_consumer,host=WhiteShark,project=driveguard,student=Gxxxx6647,team=team4,topic=ece508/team4/Gxxxx6647/driveguard/batch_data scr=98,gps=0,ts=1098993,spd=0,lat=0,lon=0,acc=1.02 1765384267246042700
mqtt_consumer,host=WhiteShark,project=driveguard,student=Gxxxx6647,team=team4,topic=ece508/team4/Gxxxx6647/driveguard/batch_data spd=0,lat=0,lon=0,acc=1.02,scr=98,gps=0,ts=1108993 1765384267246042700
mqtt_consumer,host=WhiteShark,project=driveguard,student=Gxxxx6647,team=team4,topic=ece508/team4/Gxxxx6647/driveguard/batch_data lat=0,lon=0,acc=1.02,scr=98,gps=0,ts=1118993,spd=0 1765384267246042700
mqtt_consumer,host=WhiteShark,project=driveguard,student=Gxxxx6647,team=team4,topic=ece508/team4/Gxxxx6647/driveguard/batch_data gps=0,ts=1128993,spd=0,lat=0,lon=0,acc=1.02,scr=98 1765384267246042700
mqtt_consumer,host=WhiteShark,project=driveguard,student=Gxxxx6647,team=team4,topic=ece508/team4/Gxxxx6647/driveguard/batch_data lat=0,lon=0,acc=1.02,scr=98,gps=0,ts=1138993,spd=0 1765384326751536000
mqtt_consumer,host=WhiteShark,project=driveguard,student=Gxxxx6647,team=team4,topic=ece508/team4/Gxxxx6647/driveguard/batch_data spd=0,lat=0,lon=0,acc=1.02,scr=98,gps=0,ts=1148993 1765384326751536000
mqtt_consumer,host=WhiteShark,project=driveguard,student=Gxxxx6647,team=team4,topic=ece508/team4/Gxxxx6647/driveguard/batch_data spd=0,lat=0,lon=0,acc=1.02,scr=98,gps=0,ts=1158993 1765384326751536000
mqtt_consumer,host=WhiteShark,project=driveguard,student=Gxxxx6647,team=team4,topic=ece508/team4/Gxxxx6647/driveguard/batch_data gps=0,ts=1168993,spd=0,lat=0,lon=0,acc=1.02,scr=98 1765384326751536000
mqtt_consumer,host=WhiteShark,project=driveguard,student=Gxxxx6647,team=team4,topic=ece508/team4/Gxxxx6647/driveguard/batch_data acc=1.02,scr=98,gps=0,ts=1178993,spd=0,lat=0,lon=0 1765384326751536000
mqtt_consumer,host=WhiteShark,project=driveguard,student=Gxxxx6647,team=team4,topic=ece508/team4/Gxxxx6647/driveguard/batch_data lon=0,acc=1.02,scr=98,gps=0,ts=1188993,spd=0,lat=0 1765384326751536000
mqtt_consumer,host=WhiteShark,project=driveguard,student=Gxxxx6647,team=team4,topic=ece508/team4/Gxxxx6647/driveguard/batch_data ts=1198993,spd=0,lat=0,lon=0,acc=1.02,scr=98,gps=0 1765384386738607000
mqtt_consumer,host=WhiteShark,project=driveguard,student=Gxxxx6647,team=team4,topic=ece508/team4/Gxxxx6647/driveguard/batch_data lat=0,lon=0,acc=1.02,scr=99,gps=0,ts=1208993,spd=0 1765384386738607000
mqtt_consumer,host=WhiteShark,project=driveguard,student=Gxxxx6647,team=team4,topic=ece508/team4/Gxxxx6647/driveguard/batch_data spd=0,lat=0,lon=0,acc=1.02,scr=99,gps=0,ts=1218993 1765384386738607000
mqtt_consumer,host=WhiteShark,project=driveguard,student=Gxxxx6647,team=team4,topic=ece508/team4/Gxxxx6647/driveguard/batch_data scr=99,gps=0,ts=1228993,spd=0,lat=0,lon=0,acc=1.02 1765384386738607000
mqtt_consumer,host=WhiteShark,project=driveguard,student=Gxxxx6647,team=team4,topic=ece508/team4/Gxxxx6647/driveguard/batch_data acc=1.02,scr=99,gps=0,ts=1238993,spd=0,lat=0,lon=0 1765384386738607000
mqtt_consumer,host=WhiteShark,project=driveguard,student=Gxxxx6647,team=team4,topic=ece508/team4/Gxxxx6647/driveguard/batch_data lon=0,acc=1.02,scr=99,gps=0,ts=1248993,spd=0,lat=0 1765384386738607000
